[Licensing::Module] Trying to connect to existing licensing client channel...
Built from '6000.2/staging' branch; Version is '6000.2.14f1 (589824c1fc31) revision 5806116'; Using compiler version '194234433'; Build Type 'Release'
OS: 'Windows 11  (10.0.26100) 64bit Professional' Language: 'ru' Physical Memory: 32373 MB
BatchMode: 1, IsHumanControllingUs: 0, StartBugReporterOnCrash: 0, Is64bit: 1
[Licensing::IpcConnector] Successfully connected to: "LicenseClient-user" at "2026-01-11T16:14:55.9147456Z"
Date: 2026-01-11T16:14:55Z

COMMAND LINE ARGUMENTS:
D:\programms\unity\6000.2.14f1\Editor\Unity.exe
-adb2
-batchMode
-noUpm
-name
AssetImportWorker2
-projectPath
E:/itmo/unity-game/my_prototype
-logFile
Logs/AssetImportWorker2.log
-srvPort
3364
-licensingIpc
LicenseClient-user
-job-worker-count
5
-background-job-worker-count
8
-gc-helper-count
1
-name
AssetImport
Successfully changed project path to: E:/itmo/unity-game/my_prototype
E:/itmo/unity-game/my_prototype
[UnityMemory] Configuration Parameters - Can be set up in boot.config
    "memorysetup-allocator-temp-initial-block-size-main=262144"
    "memorysetup-allocator-temp-initial-block-size-worker=262144"
    "memorysetup-bucket-allocator-granularity=16"
    "memorysetup-bucket-allocator-bucket-count=8"
    "memorysetup-bucket-allocator-block-size=33554432"
    "memorysetup-bucket-allocator-block-count=8"
    "memorysetup-main-allocator-block-size=16777216"
    "memorysetup-thread-allocator-block-size=16777216"
    "memorysetup-gfx-main-allocator-block-size=16777216"
    "memorysetup-gfx-thread-allocator-block-size=16777216"
    "memorysetup-cache-allocator-block-size=4194304"
    "memorysetup-typetree-allocator-block-size=2097152"
    "memorysetup-profiler-bucket-allocator-granularity=16"
    "memorysetup-profiler-bucket-allocator-bucket-count=8"
    "memorysetup-profiler-bucket-allocator-block-size=33554432"
    "memorysetup-profiler-bucket-allocator-block-count=8"
    "memorysetup-profiler-allocator-block-size=16777216"
    "memorysetup-profiler-editor-allocator-block-size=1048576"
    "memorysetup-temp-allocator-size-main=16777216"
    "memorysetup-job-temp-allocator-block-size=2097152"
    "memorysetup-job-temp-allocator-block-size-background=1048576"
    "memorysetup-job-temp-allocator-reduction-small-platforms=262144"
    "memorysetup-temp-allocator-size-background-worker=32768"
    "memorysetup-temp-allocator-size-job-worker=262144"
    "memorysetup-temp-allocator-size-preload-manager=33554432"
    "memorysetup-temp-allocator-size-nav-mesh-worker=65536"
    "memorysetup-temp-allocator-size-audio-worker=65536"
    "memorysetup-temp-allocator-size-cloud-worker=32768"
    "memorysetup-temp-allocator-size-gi-baking-worker=262144"
    "memorysetup-temp-allocator-size-gi-baking-worker=262144"
    "memorysetup-temp-allocator-size-gi-baking-worker=262144"
    "memorysetup-temp-allocator-size-gi-baking-worker=262144"
    "memorysetup-temp-allocator-size-gi-baking-worker=262144"
    "memorysetup-temp-allocator-size-gfx=262144"
Player connection [18308]  Target information:

Player connection [18308]  * "[IP] 172.16.0.58 [Port] 0 [Flags] 2 [Guid] 652643749 [EditorId] 652643749 [Version] 1048832 [Id] WindowsEditor(7,WIN-P1HD35BA9QL) [Debug] 1 [PackageName] WindowsEditor [ProjectName] Editor" 

Player connection [18308]  * "[IP] 192.168.1.73 [Port] 0 [Flags] 2 [Guid] 652643749 [EditorId] 652643749 [Version] 1048832 [Id] WindowsEditor(7,WIN-P1HD35BA9QL) [Debug] 1 [PackageName] WindowsEditor [ProjectName] Editor" 

Player connection [18308] Host joined multi-casting on [225.0.0.222:54997]...
Player connection [18308] Host joined alternative multi-casting on [225.0.0.222:34997]...
JobSystem: Creating JobQueue using job-worker-count value 5
Input System module state changed to: Initialized.
[Physics::Module] Initialized fallback backend.
[Physics::Module] Id: 0xdecafbad
Library Redirect Path: Library/
[Physics::Module] Selected backend.
[Physics::Module] Name: PhysX
[Physics::Module] Id: 0xf2b8ea05
[Physics::Module] SDK Version: 4.1.2
[Physics::Module] Integration Version: 1.0.0
[Physics::Module] Threading Mode: Multi-Threaded
Refreshing native plugins compatible for Editor in 1.50 ms, found 3 plugins.
Preloading 0 native plugins for Editor in 0.00 ms.
Initialize engine version: 6000.2.14f1 (589824c1fc31)
[Subsystems] Discovering subsystems at path D:/programms/unity/6000.2.14f1/Editor/Data/Resources/UnitySubsystems
[Subsystems] Discovering subsystems at path E:/itmo/unity-game/my_prototype/Assets
GfxDevice: creating device client; kGfxThreadingModeNonThreaded
Direct3D:
    Version:  Direct3D 11.0 [level 11.1]
    Renderer: NVIDIA GeForce RTX 5070 (ID=0x2f04)
    Vendor:   NVIDIA
    VRAM:     11855 MB
    Driver:   32.0.15.8180
Initialize mono
Mono path[0] = 'D:/programms/unity/6000.2.14f1/Editor/Data/Managed'
Mono path[1] = 'D:/programms/unity/6000.2.14f1/Editor/Data/MonoBleedingEdge/lib/mono/unityjit-win32'
Mono config path = 'D:/programms/unity/6000.2.14f1/Editor/Data/MonoBleedingEdge/etc'
Using monoOptions --debugger-agent=transport=dt_socket,embedding=1,server=y,suspend=n,address=127.0.0.1:56616
Begin MonoManager ReloadAssembly
Registering precompiled unity dll's ...
Register platform support module: D:/programms/unity/6000.2.14f1/Editor/Data/PlaybackEngines/WindowsStandaloneSupport/UnityEditor.WindowsStandalone.Extensions.dll
[Licensing::Module] Licensing is not yet initialized.
[Licensing::Client] Handshaking with LicensingClient:
  Version:                 1.17.4+4293ba1
  Session Id:              91c808f2c13f487c988f82c7fc2dc30a
  Correlation Id:          12e601c17cfecc014a1cc9230ce11eb3
  External correlation Id: 4981682219082991449
  Machine Id:              qDeCs2V7Nz2B4ZQimMi1zdXrd+Q=
[Licensing::Module] Successfully connected to LicensingClient on channel: "LicenseClient-user" (connect: 0.00s, validation: 0.00s, handshake: 0.87s)
[Licensing::IpcConnector] Successfully connected to: "LicenseClient-user-notifications" at "2026-01-11T16:14:56.7905481Z"
[Licensing::Module] Licensing Background thread has ended after 0.88s
[Licensing::Module] Licensing is initialized (took 0.37s).
[Licensing::Client] Successfully resolved entitlement details
[Licensing::Module] License group:
  Id: 10171548731546-UnityPersXXXX
  Product: Unity Personal
  Type: Assigned
  Expiration: Unlimited
Register platform support module: D:/programms/unity/6000.2.14f1/Editor/Data/PlaybackEngines/AndroidPlayer/UnityEditor.Android.Extensions.dll
[Licensing::Client] Successfully resolved entitlement details
Register platform support module: D:/programms/unity/6000.2.14f1/Editor/Data/PlaybackEngines/iOSSupport/UnityEditor.iOS.Extensions.dll
Registered in 0.372473 seconds.
- Loaded All Assemblies, in  0.663 seconds
[usbmuxd] Start listen thread
[usbmuxd] Listen thread started
Native extension for iOS target not found
Native extension for Android target not found
Android Extension - Scanning For ADB Devices 165 ms
Native extension for WindowsStandalone target not found
Mono: successfully reloaded assembly
- Finished resetting the current domain, in  0.434 seconds
Domain Reload Profiling: 1097ms
	BeginReloadAssembly (103ms)
		ExecutionOrderSort (0ms)
		DisableScriptedObjects (0ms)
		BackupInstance (0ms)
		ReleaseScriptingObjects (0ms)
		CreateAndSetChildDomain (0ms)
	RebuildCommonClasses (25ms)
	RebuildNativeTypeToScriptingClass (8ms)
	initialDomainReloadingComplete (403ms)
	LoadAllAssembliesAndSetupDomain (123ms)
		LoadAssemblies (104ms)
		RebuildTransferFunctionScriptingTraits (0ms)
		AnalyzeDomain (120ms)
			TypeCache.Refresh (118ms)
				TypeCache.ScanAssembly (109ms)
			BuildScriptInfoCaches (0ms)
			ResolveRequiredComponents (0ms)
	FinalizeReload (434ms)
		ReleaseScriptCaches (0ms)
		RebuildScriptCaches (0ms)
		SetupLoadedEditorAssemblies (394ms)
			LogAssemblyErrors (0ms)
			InitializePlatformSupportModulesInManaged (240ms)
			SetLoadedEditorAssemblies (2ms)
			BeforeProcessingInitializeOnLoad (41ms)
			ProcessInitializeOnLoadAttributes (76ms)
			ProcessInitializeOnLoadMethodAttributes (35ms)
			AfterProcessingInitializeOnLoad (0ms)
			EditorAssembliesLoaded (0ms)
		ExecutionOrderSort2 (0ms)
		AwakeInstancesAfterBackupRestoration (0ms)
========================================================================
Worker process is ready to serve import requests
Import Worker Mode flag is 0x00
Begin MonoManager ReloadAssembly
[Licensing::Client] Successfully resolved entitlement details
Duplicate assembly 'log4net.dll' with different versions detected, using 'Packages/com.unity.package-validation-suite/Lib/Editor/log4net.dll, AssemblyName=log4net, Version=2.0.8.0, Culture=neutral, PublicKeyToken=669e0ddf0bb1aa2a' and ignoring 'Packages/com.unity.collab-proxy/Lib/Editor/log4netPlastic.dll, AssemblyName=log4net, Version=1.2.15.0, Culture=neutral, PublicKeyToken=669e0ddf0bb1aa2a'.- Loaded All Assemblies, in  0.537 seconds
Refreshing native plugins compatible for Editor in 0.39 ms, found 3 plugins.
Native extension for iOS target not found
Native extension for Android target not found
Native extension for WindowsStandalone target not found
Package Manager log level set to [2]
[Package Manager] Failed to launch server process. Reason: Unity was launched with the -noUpm command-line argument
[Package Manager] Unable to send message (not connected to server process).
[Package Manager] Cannot connect to Unity Package Manager local server
[Package Manager] Failed to launch server process. Reason: Unity was launched with the -noUpm command-line argument
[Package Manager] Unable to send message (not connected to server process).
[Package Manager] Cannot connect to Unity Package Manager local server
System.Exception: Error! Visual Scripting: couldn't find visual scripting package
  at Unity.VisualScripting.PackageVersionUtility.get_version () [0x00043] in .\Library\PackageCache\com.unity.visualscripting@b4d700247d4b\Editor\VisualScripting.Core\Utilities\PackageVersionUtility.cs:31 
  at Unity.VisualScripting.BoltCoreManifest.get_version () [0x00000] in .\Library\PackageCache\com.unity.visualscripting@b4d700247d4b\Editor\VisualScripting.Core\Plugin\BoltCoreManifest.cs:11 
  at Unity.VisualScripting.PluginManifest.get_currentVersion () [0x00000] in .\Library\PackageCache\com.unity.visualscripting@b4d700247d4b\Editor\VisualScripting.Core\Plugins\PluginManifest.cs:33 
  at Unity.VisualScripting.PluginManifest.get_versionMismatch () [0x00000] in .\Library\PackageCache\com.unity.visualscripting@b4d700247d4b\Editor\VisualScripting.Core\Plugins\PluginManifest.cs:48 
  at Unity.VisualScripting.PluginContainer.Initialize () [0x00525] in .\Library\PackageCache\com.unity.visualscripting@b4d700247d4b\Editor\VisualScripting.Core\Plugins\PluginContainer.cs:208 
  at Unity.VisualScripting.PluginContainer.InitializeOnLoad () [0x00009] in .\Library\PackageCache\com.unity.visualscripting@b4d700247d4b\Editor\VisualScripting.Core\Plugins\PluginContainer.cs:32 
  at Unity.VisualScripting.VSUsageUtility.DoInitializeOnLoadCalls () [0x00034] in .\Library\PackageCache\com.unity.visualscripting@b4d700247d4b\Editor\VisualScripting.Core\Utilities\VSUsageUtility.cs:76 
  at Unity.VisualScripting.VSUsageUtility.set_isVisualScriptingUsed (System.Boolean value) [0x0002c] in .\Library\PackageCache\com.unity.visualscripting@b4d700247d4b\Editor\VisualScripting.Core\Utilities\VSUsageUtility.cs:114 
  at Unity.VisualScripting.VSUsageUtility.CheckAndSetIsVisualScriptingUsed () [0x00032] in .\Library\PackageCache\com.unity.visualscripting@b4d700247d4b\Editor\VisualScripting.Core\Utilities\VSUsageUtility.cs:48 
  at Unity.VisualScripting.VSUsageUtility..cctor () [0x00000] in .\Library\PackageCache\com.unity.visualscripting@b4d700247d4b\Editor\VisualScripting.Core\Utilities\VSUsageUtility.cs:22 
UnityEngine.Debug:ExtractStackTraceNoAlloc (byte*,int,string)
UnityEngine.StackTraceUtility:ExtractStackTrace ()
UnityEngine.DebugLogHandler:Internal_Log (UnityEngine.LogType,UnityEngine.LogOption,string,UnityEngine.Object)
UnityEngine.DebugLogHandler:LogFormat (UnityEngine.LogType,UnityEngine.Object,string,object[])
UnityEngine.Logger:Log (UnityEngine.LogType,object)
UnityEngine.Debug:LogError (object)
UnityEditor.EditorAssemblies:ProcessInitializeOnLoadAttributes (System.Type[])

[MODES] ModeService[none].Initialize
[MODES] ModeService[none].LoadModes
[MODES] Loading mode Default (0) for mode-current-id-my_prototype
Mono: successfully reloaded assembly
- Finished resetting the current domain, in  0.834 seconds
Domain Reload Profiling: 1371ms
	BeginReloadAssembly (132ms)
		ExecutionOrderSort (0ms)
		DisableScriptedObjects (4ms)
		BackupInstance (0ms)
		ReleaseScriptingObjects (0ms)
		CreateAndSetChildDomain (26ms)
	RebuildCommonClasses (26ms)
	RebuildNativeTypeToScriptingClass (8ms)
	initialDomainReloadingComplete (24ms)
	LoadAllAssembliesAndSetupDomain (346ms)
		LoadAssemblies (242ms)
		RebuildTransferFunctionScriptingTraits (0ms)
		AnalyzeDomain (179ms)
			TypeCache.Refresh (132ms)
				TypeCache.ScanAssembly (121ms)
			BuildScriptInfoCaches (37ms)
			ResolveRequiredComponents (7ms)
	FinalizeReload (834ms)
		ReleaseScriptCaches (0ms)
		RebuildScriptCaches (0ms)
		SetupLoadedEditorAssemblies (708ms)
			LogAssemblyErrors (0ms)
			InitializePlatformSupportModulesInManaged (10ms)
			SetLoadedEditorAssemblies (2ms)
			BeforeProcessingInitializeOnLoad (76ms)
			ProcessInitializeOnLoadAttributes (556ms)
			ProcessInitializeOnLoadMethodAttributes (63ms)
			AfterProcessingInitializeOnLoad (1ms)
			EditorAssembliesLoaded (0ms)
		ExecutionOrderSort2 (0ms)
		AwakeInstancesAfterBackupRestoration (3ms)
Launched and connected shader compiler UnityShaderCompiler.exe after 0.01 seconds
Refreshing native plugins compatible for Editor in 0.55 ms, found 3 plugins.
Preloading 0 native plugins for Editor in 0.00 ms.
Unloading 27 Unused Serialized files (Serialized files now loaded: 0)
Unloading 7024 unused Assets / (7.5 MB). Loaded Objects now: 7760.
Memory consumption went from 148.8 MB to 141.3 MB.
Total: 15.680400 ms (FindLiveObjects: 0.626200 ms CreateObjectMapping: 0.570100 ms MarkObjects: 12.009500 ms  DeleteObjects: 2.473600 ms)

========================================================================
Received Prepare
Begin MonoManager ReloadAssembly
[Licensing::Client] Successfully resolved entitlement details
Duplicate assembly 'log4net.dll' with different versions detected, using 'Packages/com.unity.package-validation-suite/Lib/Editor/log4net.dll, AssemblyName=log4net, Version=2.0.8.0, Culture=neutral, PublicKeyToken=669e0ddf0bb1aa2a' and ignoring 'Packages/com.unity.collab-proxy/Lib/Editor/log4netPlastic.dll, AssemblyName=log4net, Version=1.2.15.0, Culture=neutral, PublicKeyToken=669e0ddf0bb1aa2a'.- Loaded All Assemblies, in  0.494 seconds
Refreshing native plugins compatible for Editor in 0.54 ms, found 3 plugins.
Native extension for iOS target not found
Native extension for Android target not found
Native extension for WindowsStandalone target not found
[Package Manager] Failed to launch server process. Reason: Unity was launched with the -noUpm command-line argument
[Package Manager] Unable to send message (not connected to server process).
[Package Manager] Cannot connect to Unity Package Manager local server
[Package Manager] Failed to launch server process. Reason: Unity was launched with the -noUpm command-line argument
[Package Manager] Unable to send message (not connected to server process).
[Package Manager] Cannot connect to Unity Package Manager local server
System.Exception: Error! Visual Scripting: couldn't find visual scripting package
  at Unity.VisualScripting.PackageVersionUtility.get_version () [0x00043] in .\Library\PackageCache\com.unity.visualscripting@b4d700247d4b\Editor\VisualScripting.Core\Utilities\PackageVersionUtility.cs:31 
  at Unity.VisualScripting.BoltCoreManifest.get_version () [0x00000] in .\Library\PackageCache\com.unity.visualscripting@b4d700247d4b\Editor\VisualScripting.Core\Plugin\BoltCoreManifest.cs:11 
  at Unity.VisualScripting.PluginManifest.get_currentVersion () [0x00000] in .\Library\PackageCache\com.unity.visualscripting@b4d700247d4b\Editor\VisualScripting.Core\Plugins\PluginManifest.cs:33 
  at Unity.VisualScripting.PluginManifest.get_versionMismatch () [0x00000] in .\Library\PackageCache\com.unity.visualscripting@b4d700247d4b\Editor\VisualScripting.Core\Plugins\PluginManifest.cs:48 
  at Unity.VisualScripting.PluginContainer.Initialize () [0x00525] in .\Library\PackageCache\com.unity.visualscripting@b4d700247d4b\Editor\VisualScripting.Core\Plugins\PluginContainer.cs:208 
  at Unity.VisualScripting.PluginContainer.InitializeOnLoad () [0x00009] in .\Library\PackageCache\com.unity.visualscripting@b4d700247d4b\Editor\VisualScripting.Core\Plugins\PluginContainer.cs:32 
  at Unity.VisualScripting.VSUsageUtility.DoInitializeOnLoadCalls () [0x00034] in .\Library\PackageCache\com.unity.visualscripting@b4d700247d4b\Editor\VisualScripting.Core\Utilities\VSUsageUtility.cs:76 
  at Unity.VisualScripting.VSUsageUtility.set_isVisualScriptingUsed (System.Boolean value) [0x0002c] in .\Library\PackageCache\com.unity.visualscripting@b4d700247d4b\Editor\VisualScripting.Core\Utilities\VSUsageUtility.cs:114 
  at Unity.VisualScripting.VSUsageUtility.CheckAndSetIsVisualScriptingUsed () [0x0000d] in .\Library\PackageCache\com.unity.visualscripting@b4d700247d4b\Editor\VisualScripting.Core\Utilities\VSUsageUtility.cs:33 
  at Unity.VisualScripting.VSUsageUtility..cctor () [0x00000] in .\Library\PackageCache\com.unity.visualscripting@b4d700247d4b\Editor\VisualScripting.Core\Utilities\VSUsageUtility.cs:22 
UnityEngine.Debug:ExtractStackTraceNoAlloc (byte*,int,string)
UnityEngine.StackTraceUtility:ExtractStackTrace ()
UnityEngine.DebugLogHandler:Internal_Log (UnityEngine.LogType,UnityEngine.LogOption,string,UnityEngine.Object)
UnityEngine.DebugLogHandler:LogFormat (UnityEngine.LogType,UnityEngine.Object,string,object[])
UnityEngine.Logger:Log (UnityEngine.LogType,object)
UnityEngine.Debug:LogError (object)
UnityEditor.EditorAssemblies:ProcessInitializeOnLoadAttributes (System.Type[])

[MODES] ModeService[none].Initialize
[MODES] ModeService[none].LoadModes
Mono: successfully reloaded assembly
- Finished resetting the current domain, in  0.808 seconds
Domain Reload Profiling: 1305ms
	BeginReloadAssembly (180ms)
		ExecutionOrderSort (0ms)
		DisableScriptedObjects (4ms)
		BackupInstance (0ms)
		ReleaseScriptingObjects (0ms)
		CreateAndSetChildDomain (51ms)
	RebuildCommonClasses (23ms)
	RebuildNativeTypeToScriptingClass (9ms)
	initialDomainReloadingComplete (16ms)
	LoadAllAssembliesAndSetupDomain (268ms)
		LoadAssemblies (225ms)
		RebuildTransferFunctionScriptingTraits (0ms)
		AnalyzeDomain (118ms)
			TypeCache.Refresh (5ms)
				TypeCache.ScanAssembly (0ms)
			BuildScriptInfoCaches (104ms)
			ResolveRequiredComponents (7ms)
	FinalizeReload (809ms)
		ReleaseScriptCaches (0ms)
		RebuildScriptCaches (0ms)
		SetupLoadedEditorAssemblies (514ms)
			LogAssemblyErrors (0ms)
			InitializePlatformSupportModulesInManaged (8ms)
			SetLoadedEditorAssemblies (2ms)
			BeforeProcessingInitializeOnLoad (80ms)
			ProcessInitializeOnLoadAttributes (360ms)
			ProcessInitializeOnLoadMethodAttributes (62ms)
			AfterProcessingInitializeOnLoad (1ms)
			EditorAssembliesLoaded (0ms)
		ExecutionOrderSort2 (0ms)
		AwakeInstancesAfterBackupRestoration (8ms)
Refreshing native plugins compatible for Editor in 0.61 ms, found 3 plugins.
Preloading 0 native plugins for Editor in 0.00 ms.
Unloading 27 Unused Serialized files (Serialized files now loaded: 0)
Unloading 7022 unused Assets / (7.5 MB). Loaded Objects now: 7777.
Memory consumption went from 153.6 MB to 146.1 MB.
Total: 17.402500 ms (FindLiveObjects: 0.662000 ms CreateObjectMapping: 0.627900 ms MarkObjects: 13.517700 ms  DeleteObjects: 2.594300 ms)

Prepare: number of updated asset objects reloaded= 0
========================================================================
Received Prepare
Begin MonoManager ReloadAssembly
[Licensing::Client] Successfully resolved entitlement details
Duplicate assembly 'log4net.dll' with different versions detected, using 'Packages/com.unity.package-validation-suite/Lib/Editor/log4net.dll, AssemblyName=log4net, Version=2.0.8.0, Culture=neutral, PublicKeyToken=669e0ddf0bb1aa2a' and ignoring 'Packages/com.unity.collab-proxy/Lib/Editor/log4netPlastic.dll, AssemblyName=log4net, Version=1.2.15.0, Culture=neutral, PublicKeyToken=669e0ddf0bb1aa2a'.- Loaded All Assemblies, in  0.511 seconds
Refreshing native plugins compatible for Editor in 0.39 ms, found 3 plugins.
Native extension for iOS target not found
Native extension for Android target not found
Native extension for WindowsStandalone target not found
[Package Manager] Failed to launch server process. Reason: Unity was launched with the -noUpm command-line argument
[Package Manager] Unable to send message (not connected to server process).
[Package Manager] Cannot connect to Unity Package Manager local server
[Package Manager] Failed to launch server process. Reason: Unity was launched with the -noUpm command-line argument
[Package Manager] Unable to send message (not connected to server process).
[Package Manager] Cannot connect to Unity Package Manager local server
System.Exception: Error! Visual Scripting: couldn't find visual scripting package
  at Unity.VisualScripting.PackageVersionUtility.get_version () [0x00043] in .\Library\PackageCache\com.unity.visualscripting@b4d700247d4b\Editor\VisualScripting.Core\Utilities\PackageVersionUtility.cs:31 
  at Unity.VisualScripting.BoltCoreManifest.get_version () [0x00000] in .\Library\PackageCache\com.unity.visualscripting@b4d700247d4b\Editor\VisualScripting.Core\Plugin\BoltCoreManifest.cs:11 
  at Unity.VisualScripting.PluginManifest.get_currentVersion () [0x00000] in .\Library\PackageCache\com.unity.visualscripting@b4d700247d4b\Editor\VisualScripting.Core\Plugins\PluginManifest.cs:33 
  at Unity.VisualScripting.PluginManifest.get_versionMismatch () [0x00000] in .\Library\PackageCache\com.unity.visualscripting@b4d700247d4b\Editor\VisualScripting.Core\Plugins\PluginManifest.cs:48 
  at Unity.VisualScripting.PluginContainer.Initialize () [0x00525] in .\Library\PackageCache\com.unity.visualscripting@b4d700247d4b\Editor\VisualScripting.Core\Plugins\PluginContainer.cs:208 
  at Unity.VisualScripting.PluginContainer.InitializeOnLoad () [0x00009] in .\Library\PackageCache\com.unity.visualscripting@b4d700247d4b\Editor\VisualScripting.Core\Plugins\PluginContainer.cs:32 
  at Unity.VisualScripting.VSUsageUtility.DoInitializeOnLoadCalls () [0x00034] in .\Library\PackageCache\com.unity.visualscripting@b4d700247d4b\Editor\VisualScripting.Core\Utilities\VSUsageUtility.cs:76 
  at Unity.VisualScripting.VSUsageUtility.set_isVisualScriptingUsed (System.Boolean value) [0x0002c] in .\Library\PackageCache\com.unity.visualscripting@b4d700247d4b\Editor\VisualScripting.Core\Utilities\VSUsageUtility.cs:114 
  at Unity.VisualScripting.VSUsageUtility.CheckAndSetIsVisualScriptingUsed () [0x0000d] in .\Library\PackageCache\com.unity.visualscripting@b4d700247d4b\Editor\VisualScripting.Core\Utilities\VSUsageUtility.cs:33 
  at Unity.VisualScripting.VSUsageUtility..cctor () [0x00000] in .\Library\PackageCache\com.unity.visualscripting@b4d700247d4b\Editor\VisualScripting.Core\Utilities\VSUsageUtility.cs:22 
UnityEngine.Debug:ExtractStackTraceNoAlloc (byte*,int,string)
UnityEngine.StackTraceUtility:ExtractStackTrace ()
UnityEngine.DebugLogHandler:Internal_Log (UnityEngine.LogType,UnityEngine.LogOption,string,UnityEngine.Object)
UnityEngine.DebugLogHandler:LogFormat (UnityEngine.LogType,UnityEngine.Object,string,object[])
UnityEngine.Logger:Log (UnityEngine.LogType,object)
UnityEngine.Debug:LogError (object)
UnityEditor.EditorAssemblies:ProcessInitializeOnLoadAttributes (System.Type[])

[MODES] ModeService[none].Initialize
[MODES] ModeService[none].LoadModes
Mono: successfully reloaded assembly
- Finished resetting the current domain, in  0.780 seconds
Domain Reload Profiling: 1293ms
	BeginReloadAssembly (189ms)
		ExecutionOrderSort (0ms)
		DisableScriptedObjects (4ms)
		BackupInstance (0ms)
		ReleaseScriptingObjects (0ms)
		CreateAndSetChildDomain (51ms)
	RebuildCommonClasses (23ms)
	RebuildNativeTypeToScriptingClass (9ms)
	initialDomainReloadingComplete (16ms)
	LoadAllAssembliesAndSetupDomain (276ms)
		LoadAssemblies (234ms)
		RebuildTransferFunctionScriptingTraits (0ms)
		AnalyzeDomain (126ms)
			TypeCache.Refresh (4ms)
				TypeCache.ScanAssembly (0ms)
			BuildScriptInfoCaches (112ms)
			ResolveRequiredComponents (7ms)
	FinalizeReload (780ms)
		ReleaseScriptCaches (0ms)
		RebuildScriptCaches (0ms)
		SetupLoadedEditorAssemblies (497ms)
			LogAssemblyErrors (0ms)
			InitializePlatformSupportModulesInManaged (8ms)
			SetLoadedEditorAssemblies (2ms)
			BeforeProcessingInitializeOnLoad (81ms)
			ProcessInitializeOnLoadAttributes (347ms)
			ProcessInitializeOnLoadMethodAttributes (57ms)
			AfterProcessingInitializeOnLoad (1ms)
			EditorAssembliesLoaded (0ms)
		ExecutionOrderSort2 (0ms)
		AwakeInstancesAfterBackupRestoration (9ms)
Refreshing native plugins compatible for Editor in 0.58 ms, found 3 plugins.
Preloading 0 native plugins for Editor in 0.00 ms.
Unloading 27 Unused Serialized files (Serialized files now loaded: 0)
Unloading 7022 unused Assets / (6.3 MB). Loaded Objects now: 7781.
Memory consumption went from 153.6 MB to 147.3 MB.
Total: 17.286200 ms (FindLiveObjects: 0.986900 ms CreateObjectMapping: 0.883300 ms MarkObjects: 13.228700 ms  DeleteObjects: 2.186700 ms)

Prepare: number of updated asset objects reloaded= 0
========================================================================
Received Import Request.
  Time since last request: 17584.214127 seconds.
  path: Assets/ithappy/Inferno_World_Free/Meshes/Statues/StatueKnight_002.fbx
  artifactKey: Guid(80902266a21f1f74aa3cc3643d1b2b37) Importer(815301076,1909f56bfc062723c751e8b465ee728b)
Start importing Assets/ithappy/Inferno_World_Free/Meshes/Statues/StatueKnight_002.fbx using Guid(80902266a21f1f74aa3cc3643d1b2b37) Importer(815301076,1909f56bfc062723c751e8b465ee728b) (PreviewImporter) -> (artifact id: '28d7637e20f69f24e3914114251c5e64') in 0.5993335 seconds
Number of updated asset objects reloaded before import = 0Number of asset objects unloaded after import = 9

========================================================================
Received Import Request.
  Time since last request: 0.000039 seconds.
  path: Assets/ithappy/Inferno_World_Free/Meshes/Rocks/Stone_004.fbx
  artifactKey: Guid(1528388aa62da00408179f92489f659e) Importer(815301076,1909f56bfc062723c751e8b465ee728b)
Start importing Assets/ithappy/Inferno_World_Free/Meshes/Rocks/Stone_004.fbx using Guid(1528388aa62da00408179f92489f659e) Importer(815301076,1909f56bfc062723c751e8b465ee728b) (PreviewImporter) -> (artifact id: '6efc8888827d979d899fe6848f5141b6') in 0.0184066 seconds
Number of updated asset objects reloaded before import = 0Number of asset objects unloaded after import = 9

========================================================================
Received Import Request.
  Time since last request: 0.000029 seconds.
  path: Assets/ithappy/Inferno_World_Free/Meshes/Rocks/StoneSmall_001.fbx
  artifactKey: Guid(ffe6311bcae664945a4040419fbdbdd2) Importer(815301076,1909f56bfc062723c751e8b465ee728b)
Start importing Assets/ithappy/Inferno_World_Free/Meshes/Rocks/StoneSmall_001.fbx using Guid(ffe6311bcae664945a4040419fbdbdd2) Importer(815301076,1909f56bfc062723c751e8b465ee728b) (PreviewImporter) -> (artifact id: 'f5f79d8f6fcfac8da637ffab40d11858') in 0.017497 seconds
Number of updated asset objects reloaded before import = 0Number of asset objects unloaded after import = 9

========================================================================
Received Import Request.
  Time since last request: 0.000021 seconds.
  path: Assets/ithappy/Inferno_World_Free/Meshes/Props/Vase_002.fbx
  artifactKey: Guid(286477f58c5666740a665749338dc227) Importer(815301076,1909f56bfc062723c751e8b465ee728b)
Start importing Assets/ithappy/Inferno_World_Free/Meshes/Props/Vase_002.fbx using Guid(286477f58c5666740a665749338dc227) Importer(815301076,1909f56bfc062723c751e8b465ee728b) (PreviewImporter) -> (artifact id: 'c20ffd52105cca782e33715bda143c8b') in 0.020377 seconds
Number of updated asset objects reloaded before import = 0Number of asset objects unloaded after import = 10

========================================================================
Received Import Request.
  Time since last request: 0.000019 seconds.
  path: Assets/ithappy/Inferno_World_Free/Meshes/Rocks/Stone_002.fbx
  artifactKey: Guid(5ebdd7ae60d117a4f9ef30f55bc379c0) Importer(815301076,1909f56bfc062723c751e8b465ee728b)
Start importing Assets/ithappy/Inferno_World_Free/Meshes/Rocks/Stone_002.fbx using Guid(5ebdd7ae60d117a4f9ef30f55bc379c0) Importer(815301076,1909f56bfc062723c751e8b465ee728b) (PreviewImporter) -> (artifact id: '10dd1baeaac10eaac98a8b44676e5017') in 0.0172108 seconds
Number of updated asset objects reloaded before import = 0Number of asset objects unloaded after import = 9

========================================================================
Received Import Request.
  Time since last request: 0.000019 seconds.
  path: Assets/ithappy/Inferno_World_Free/Meshes/Decorations/WellSmall_001.fbx
  artifactKey: Guid(319edb7330e70c844a1a08a17b5eb733) Importer(815301076,1909f56bfc062723c751e8b465ee728b)
Start importing Assets/ithappy/Inferno_World_Free/Meshes/Decorations/WellSmall_001.fbx using Guid(319edb7330e70c844a1a08a17b5eb733) Importer(815301076,1909f56bfc062723c751e8b465ee728b) (PreviewImporter) -> (artifact id: '459016391dccf260ce125c0c6789df97') in 0.0177789 seconds
Number of updated asset objects reloaded before import = 0Number of asset objects unloaded after import = 10

========================================================================
Received Import Request.
  Time since last request: 0.000019 seconds.
  path: Assets/ithappy/Inferno_World_Free/Meshes/Rocks/Stone_003.fbx
  artifactKey: Guid(1fefd456cbbada942a59e1716c680b4d) Importer(815301076,1909f56bfc062723c751e8b465ee728b)
Start importing Assets/ithappy/Inferno_World_Free/Meshes/Rocks/Stone_003.fbx using Guid(1fefd456cbbada942a59e1716c680b4d) Importer(815301076,1909f56bfc062723c751e8b465ee728b) (PreviewImporter) -> (artifact id: '4eac72b4cbac0d5bc75d57583983e457') in 0.0229007 seconds
Number of updated asset objects reloaded before import = 0Number of asset objects unloaded after import = 9

========================================================================
Received Import Request.
  Time since last request: 0.000021 seconds.
  path: Assets/ithappy/Inferno_World_Free/Meshes/Rocks/StoneSmall_002.fbx
  artifactKey: Guid(040598282cb66ae4aa52349d2bb0407a) Importer(815301076,1909f56bfc062723c751e8b465ee728b)
Start importing Assets/ithappy/Inferno_World_Free/Meshes/Rocks/StoneSmall_002.fbx using Guid(040598282cb66ae4aa52349d2bb0407a) Importer(815301076,1909f56bfc062723c751e8b465ee728b) (PreviewImporter) -> (artifact id: '7aca098fb45f3376ce2ac61a3d188163') in 0.0154086 seconds
Number of updated asset objects reloaded before import = 0Number of asset objects unloaded after import = 9

========================================================================
Received Import Request.
  Time since last request: 0.919710 seconds.
  path: Assets/ithappy/Inferno_World_Free/Meshes/Rocks/RockMid_004.fbx
  artifactKey: Guid(3d04c91a404e66e47a26c160a9598287) Importer(815301076,1909f56bfc062723c751e8b465ee728b)
Start importing Assets/ithappy/Inferno_World_Free/Meshes/Rocks/RockMid_004.fbx using Guid(3d04c91a404e66e47a26c160a9598287) Importer(815301076,1909f56bfc062723c751e8b465ee728b) (PreviewImporter) -> (artifact id: 'd0ebce3243424b0707b94d8153604125') in 0.0140869 seconds
Number of updated asset objects reloaded before import = 0Number of asset objects unloaded after import = 9

========================================================================
Received Import Request.
  Time since last request: 0.014515 seconds.
  path: Assets/ithappy/Inferno_World_Free/Meshes/Rocks/RockSmall_002.fbx
  artifactKey: Guid(c20efd271f7da914483af83eb16b7a91) Importer(815301076,1909f56bfc062723c751e8b465ee728b)
Start importing Assets/ithappy/Inferno_World_Free/Meshes/Rocks/RockSmall_002.fbx using Guid(c20efd271f7da914483af83eb16b7a91) Importer(815301076,1909f56bfc062723c751e8b465ee728b) (PreviewImporter) -> (artifact id: 'ab35478bb032c3c8ef4f6b805a327f98') in 0.0140225 seconds
Number of updated asset objects reloaded before import = 0Number of asset objects unloaded after import = 9

========================================================================
Received Import Request.
  Time since last request: 0.000017 seconds.
  path: Assets/ithappy/Inferno_World_Free/Meshes/Rocks/RockSmall_003.fbx
  artifactKey: Guid(deaeffbcb74c13e45b452d13a5e76d9f) Importer(815301076,1909f56bfc062723c751e8b465ee728b)
Start importing Assets/ithappy/Inferno_World_Free/Meshes/Rocks/RockSmall_003.fbx using Guid(deaeffbcb74c13e45b452d13a5e76d9f) Importer(815301076,1909f56bfc062723c751e8b465ee728b) (PreviewImporter) -> (artifact id: '00f845b9aa7dd5bcd0f72dcc89b581ac') in 0.0135177 seconds
Number of updated asset objects reloaded before import = 0Number of asset objects unloaded after import = 9

========================================================================
Received Import Request.
  Time since last request: 0.000018 seconds.
  path: Assets/Skeleton/FBX/Skeleton.fbx
  artifactKey: Guid(c0e8ec4be6a4d554881a5c8bb6d0c0cf) Importer(815301076,1909f56bfc062723c751e8b465ee728b)
Start importing Assets/Skeleton/FBX/Skeleton.fbx using Guid(c0e8ec4be6a4d554881a5c8bb6d0c0cf) Importer(815301076,1909f56bfc062723c751e8b465ee728b) (PreviewImporter) -> (artifact id: '4fca8641e0326a66a972e48ea986420b') in 0.0317135 seconds
Number of updated asset objects reloaded before import = 0Number of asset objects unloaded after import = 104

========================================================================
Received Import Request.
  Time since last request: 0.005926 seconds.
  path: Assets/ithappy/Inferno_World_Free/Meshes/Decorations/StairsMiddle_001.fbx
  artifactKey: Guid(68d2ac3b257c7754a9581ed1dbe053ce) Importer(815301076,1909f56bfc062723c751e8b465ee728b)
Start importing Assets/ithappy/Inferno_World_Free/Meshes/Decorations/StairsMiddle_001.fbx using Guid(68d2ac3b257c7754a9581ed1dbe053ce) Importer(815301076,1909f56bfc062723c751e8b465ee728b) (PreviewImporter) -> (artifact id: 'ce664714c67bb725747145cd7aacfa10') in 0.0159926 seconds
Number of updated asset objects reloaded before import = 0Number of asset objects unloaded after import = 9

========================================================================
Received Import Request.
  Time since last request: 0.058831 seconds.
  path: Assets/ithappy/Inferno_World_Free/Meshes/Decorations/Gear_001.fbx
  artifactKey: Guid(3d19e1fc5ed158f438a0ee0f767094f8) Importer(815301076,1909f56bfc062723c751e8b465ee728b)
Start importing Assets/ithappy/Inferno_World_Free/Meshes/Decorations/Gear_001.fbx using Guid(3d19e1fc5ed158f438a0ee0f767094f8) Importer(815301076,1909f56bfc062723c751e8b465ee728b) (PreviewImporter) -> (artifact id: 'daec468cd5b8a560768d076139883221') in 0.0451874 seconds
Number of updated asset objects reloaded before import = 0Number of asset objects unloaded after import = 9

========================================================================
Received Import Request.
  Time since last request: 0.000018 seconds.
  path: Assets/ithappy/Inferno_World_Free/Meshes/Props/Gem_001.fbx
  artifactKey: Guid(28e52df4ada46d049b236766ce641328) Importer(815301076,1909f56bfc062723c751e8b465ee728b)
Start importing Assets/ithappy/Inferno_World_Free/Meshes/Props/Gem_001.fbx using Guid(28e52df4ada46d049b236766ce641328) Importer(815301076,1909f56bfc062723c751e8b465ee728b) (PreviewImporter) -> (artifact id: '7284604dd257c156c643ea7b6515d01f') in 0.0143315 seconds
Number of updated asset objects reloaded before import = 0Number of asset objects unloaded after import = 9

========================================================================
Received Import Request.
  Time since last request: 0.000019 seconds.
  path: Assets/ithappy/Inferno_World_Free/Meshes/Props/Gem_004.fbx
  artifactKey: Guid(5b80c6f55b6a98748a6ecb70f32da7c3) Importer(815301076,1909f56bfc062723c751e8b465ee728b)
Start importing Assets/ithappy/Inferno_World_Free/Meshes/Props/Gem_004.fbx using Guid(5b80c6f55b6a98748a6ecb70f32da7c3) Importer(815301076,1909f56bfc062723c751e8b465ee728b) (PreviewImporter) -> (artifact id: '7caafdec13cfb1cbb30c826cf1529c74') in 0.0146994 seconds
Number of updated asset objects reloaded before import = 0Number of asset objects unloaded after import = 9

========================================================================
Received Import Request.
  Time since last request: 0.000023 seconds.
  path: Assets/ithappy/Inferno_World_Free/Meshes/Props/GoldPile_002.fbx
  artifactKey: Guid(129ce789650cadc458048fa223524ea1) Importer(815301076,1909f56bfc062723c751e8b465ee728b)
Start importing Assets/ithappy/Inferno_World_Free/Meshes/Props/GoldPile_002.fbx using Guid(129ce789650cadc458048fa223524ea1) Importer(815301076,1909f56bfc062723c751e8b465ee728b) (PreviewImporter) -> (artifact id: '0d060bfd7c640f7e4434d8352961332c') in 0.0461429 seconds
Number of updated asset objects reloaded before import = 0Number of asset objects unloaded after import = 12

========================================================================
Received Import Request.
  Time since last request: 0.000025 seconds.
  path: Assets/ithappy/Inferno_World_Free/Meshes/Decorations/Mound_005.fbx
  artifactKey: Guid(9e34415172760e44da1caff3699be018) Importer(815301076,1909f56bfc062723c751e8b465ee728b)
Start importing Assets/ithappy/Inferno_World_Free/Meshes/Decorations/Mound_005.fbx using Guid(9e34415172760e44da1caff3699be018) Importer(815301076,1909f56bfc062723c751e8b465ee728b) (PreviewImporter) -> (artifact id: '9e8dce143a7733ddb4182cb79b0a4d26') in 0.01354 seconds
Number of updated asset objects reloaded before import = 0Number of asset objects unloaded after import = 9

========================================================================
Received Import Request.
  Time since last request: 0.000018 seconds.
  path: Assets/ithappy/Inferno_World_Free/Meshes/Props/GoldPileSmall_001.fbx
  artifactKey: Guid(daa0a2da628bf6b4cbe67b713a3c8635) Importer(815301076,1909f56bfc062723c751e8b465ee728b)
Start importing Assets/ithappy/Inferno_World_Free/Meshes/Props/GoldPileSmall_001.fbx using Guid(daa0a2da628bf6b4cbe67b713a3c8635) Importer(815301076,1909f56bfc062723c751e8b465ee728b) (PreviewImporter) -> (artifact id: '247de6ba47cc8686b1a0c5cd3fca6e68') in 0.0141941 seconds
Number of updated asset objects reloaded before import = 0Number of asset objects unloaded after import = 12

========================================================================
Received Import Request.
  Time since last request: 0.000018 seconds.
  path: Assets/ithappy/Inferno_World_Free/Meshes/Props/GoldPileBig_001.fbx
  artifactKey: Guid(4ff10db6b9a077d42a0ffff50512ea53) Importer(815301076,1909f56bfc062723c751e8b465ee728b)
Start importing Assets/ithappy/Inferno_World_Free/Meshes/Props/GoldPileBig_001.fbx using Guid(4ff10db6b9a077d42a0ffff50512ea53) Importer(815301076,1909f56bfc062723c751e8b465ee728b) (PreviewImporter) -> (artifact id: 'b70c8ae3dff2cfad3c3dc4379cb65b00') in 0.0145557 seconds
Number of updated asset objects reloaded before import = 0Number of asset objects unloaded after import = 12

========================================================================
Received Import Request.
  Time since last request: 0.000020 seconds.
  path: Assets/ithappy/Inferno_World_Free/Meshes/Platforms/Platform_003.fbx
  artifactKey: Guid(1ded4d853e891754eb1258e47059afb6) Importer(815301076,1909f56bfc062723c751e8b465ee728b)
Start importing Assets/ithappy/Inferno_World_Free/Meshes/Platforms/Platform_003.fbx using Guid(1ded4d853e891754eb1258e47059afb6) Importer(815301076,1909f56bfc062723c751e8b465ee728b) (PreviewImporter) -> (artifact id: '82e75f6bda25f49172eea652d1d913a9') in 0.0195462 seconds
Number of updated asset objects reloaded before import = 0Number of asset objects unloaded after import = 9

========================================================================
Received Import Request.
  Time since last request: 0.000018 seconds.
  path: Assets/ithappy/Inferno_World_Free/Meshes/Props/Grass_001.fbx
  artifactKey: Guid(afaf1ac3544d1fc4d83285c368464d32) Importer(815301076,1909f56bfc062723c751e8b465ee728b)
Start importing Assets/ithappy/Inferno_World_Free/Meshes/Props/Grass_001.fbx using Guid(afaf1ac3544d1fc4d83285c368464d32) Importer(815301076,1909f56bfc062723c751e8b465ee728b) (PreviewImporter) -> (artifact id: 'd5e2325e370b54ebe4d13cb9882e1459') in 0.0146572 seconds
Number of updated asset objects reloaded before import = 0Number of asset objects unloaded after import = 9

========================================================================
Received Import Request.
  Time since last request: 0.000016 seconds.
  path: Assets/ithappy/Inferno_World_Free/Meshes/Platforms/PlatformSmall_003.fbx
  artifactKey: Guid(af766071911db45438518a15f575f813) Importer(815301076,1909f56bfc062723c751e8b465ee728b)
Start importing Assets/ithappy/Inferno_World_Free/Meshes/Platforms/PlatformSmall_003.fbx using Guid(af766071911db45438518a15f575f813) Importer(815301076,1909f56bfc062723c751e8b465ee728b) (PreviewImporter) -> (artifact id: '9708b961584196e0460223682271822d') in 0.0132999 seconds
Number of updated asset objects reloaded before import = 0Number of asset objects unloaded after import = 9

========================================================================
Received Import Request.
  Time since last request: 0.000020 seconds.
  path: Assets/ithappy/Inferno_World_Free/Meshes/Buildings/PlatformStar_001.fbx
  artifactKey: Guid(e69687702766b8842acc4b12e954c6a6) Importer(815301076,1909f56bfc062723c751e8b465ee728b)
Start importing Assets/ithappy/Inferno_World_Free/Meshes/Buildings/PlatformStar_001.fbx using Guid(e69687702766b8842acc4b12e954c6a6) Importer(815301076,1909f56bfc062723c751e8b465ee728b) (PreviewImporter) -> (artifact id: '8760d403170588ae7f25990759c85463') in 0.0138187 seconds
Number of updated asset objects reloaded before import = 0Number of asset objects unloaded after import = 9

========================================================================
Received Import Request.
  Time since last request: 0.000024 seconds.
  path: Assets/ithappy/Inferno_World_Free/Meshes/Props/Lid_002.fbx
  artifactKey: Guid(cdf71b092a6a6d346b15a80502143346) Importer(815301076,1909f56bfc062723c751e8b465ee728b)
Start importing Assets/ithappy/Inferno_World_Free/Meshes/Props/Lid_002.fbx using Guid(cdf71b092a6a6d346b15a80502143346) Importer(815301076,1909f56bfc062723c751e8b465ee728b) (PreviewImporter) -> (artifact id: '5e009d81d9d46bfa15daa58ef121db70') in 0.0156583 seconds
Number of updated asset objects reloaded before import = 0Number of asset objects unloaded after import = 10

========================================================================
Received Import Request.
  Time since last request: 0.000020 seconds.
  path: Assets/ithappy/Inferno_World_Free/Meshes/Decorations/Mound_008.fbx
  artifactKey: Guid(5b0d11e432a36c4459e8f7ec6e9f1eb8) Importer(815301076,1909f56bfc062723c751e8b465ee728b)
Start importing Assets/ithappy/Inferno_World_Free/Meshes/Decorations/Mound_008.fbx using Guid(5b0d11e432a36c4459e8f7ec6e9f1eb8) Importer(815301076,1909f56bfc062723c751e8b465ee728b) (PreviewImporter) -> (artifact id: 'c38abb08a4f4e2be4f95e446b1170e7d') in 0.0140336 seconds
Number of updated asset objects reloaded before import = 0Number of asset objects unloaded after import = 9

========================================================================
Received Import Request.
  Time since last request: 0.000018 seconds.
  path: Assets/ithappy/Inferno_World_Free/Meshes/Rocks/RockBig_001.fbx
  artifactKey: Guid(24fa6560c33c1844483fc15867ab1f0b) Importer(815301076,1909f56bfc062723c751e8b465ee728b)
Start importing Assets/ithappy/Inferno_World_Free/Meshes/Rocks/RockBig_001.fbx using Guid(24fa6560c33c1844483fc15867ab1f0b) Importer(815301076,1909f56bfc062723c751e8b465ee728b) (PreviewImporter) -> (artifact id: '416d470d262628f476b413b8c5b8da34') in 0.0139973 seconds
Number of updated asset objects reloaded before import = 0Number of asset objects unloaded after import = 9

========================================================================
Received Import Request.
  Time since last request: 0.000022 seconds.
  path: Assets/ithappy/Inferno_World_Free/Meshes/Rocks/RockBig_003.fbx
  artifactKey: Guid(c54d91e7811328945b3e102fddad0cac) Importer(815301076,1909f56bfc062723c751e8b465ee728b)
Start importing Assets/ithappy/Inferno_World_Free/Meshes/Rocks/RockBig_003.fbx using Guid(c54d91e7811328945b3e102fddad0cac) Importer(815301076,1909f56bfc062723c751e8b465ee728b) (PreviewImporter) -> (artifact id: '7f3276a15ccb8287d582b27969c5ade0') in 0.0146727 seconds
Number of updated asset objects reloaded before import = 0Number of asset objects unloaded after import = 9

========================================================================
Received Import Request.
  Time since last request: 0.000019 seconds.
  path: Assets/Kevin Iglesias/Characters/Humanoid Giant/Demo Scene/Models/ThrowingRockExample.fbx
  artifactKey: Guid(3aea19d119561984e9d6a457a2075a37) Importer(815301076,1909f56bfc062723c751e8b465ee728b)
Start importing Assets/Kevin Iglesias/Characters/Humanoid Giant/Demo Scene/Models/ThrowingRockExample.fbx using Guid(3aea19d119561984e9d6a457a2075a37) Importer(815301076,1909f56bfc062723c751e8b465ee728b) (PreviewImporter) -> (artifact id: '6ff7fe25436eb9878d7e328e1deba0f5') in 0.0213597 seconds
Number of updated asset objects reloaded before import = 0Number of asset objects unloaded after import = 7

========================================================================
Received Import Request.
  Time since last request: 0.000019 seconds.
  path: Assets/ithappy/Inferno_World_Free/Meshes/Rocks/RockMid_002.fbx
  artifactKey: Guid(e3078ecda270be348a047939eab742b1) Importer(815301076,1909f56bfc062723c751e8b465ee728b)
Start importing Assets/ithappy/Inferno_World_Free/Meshes/Rocks/RockMid_002.fbx using Guid(e3078ecda270be348a047939eab742b1) Importer(815301076,1909f56bfc062723c751e8b465ee728b) (PreviewImporter) -> (artifact id: '6bd044d35b41a43120d9c8758bd14c43') in 0.0159265 seconds
Number of updated asset objects reloaded before import = 0Number of asset objects unloaded after import = 9

========================================================================
Received Import Request.
  Time since last request: 0.822970 seconds.
  path: Assets/EEJANAI_Team/FreeSwordAnimations/FBX/slash9.fbx
  artifactKey: Guid(1c6bb992cb16bca4dbaa56dd787c61b6) Importer(815301076,1909f56bfc062723c751e8b465ee728b)
Start importing Assets/EEJANAI_Team/FreeSwordAnimations/FBX/slash9.fbx using Guid(1c6bb992cb16bca4dbaa56dd787c61b6) Importer(815301076,1909f56bfc062723c751e8b465ee728b) (PreviewImporter) -> (artifact id: '410544d43c31d0e2ea2fc94360e99d07') in 0.3579938 seconds
Number of updated asset objects reloaded before import = 0Number of asset objects unloaded after import = 181

========================================================================
Received Import Request.
  Time since last request: 0.000025 seconds.
  path: Assets/EEJANAI_Team/FreeSwordAnimations/FBX/battle stance.fbx
  artifactKey: Guid(3e67cf9901c50f54e9646f0353f144a9) Importer(815301076,1909f56bfc062723c751e8b465ee728b)
Start importing Assets/EEJANAI_Team/FreeSwordAnimations/FBX/battle stance.fbx using Guid(3e67cf9901c50f54e9646f0353f144a9) Importer(815301076,1909f56bfc062723c751e8b465ee728b) (PreviewImporter) -> (artifact id: 'e00fd0062f2552303ed661ad9feec8ec') in 0.2433254 seconds
Number of updated asset objects reloaded before import = 0Number of asset objects unloaded after import = 181

========================================================================
Received Import Request.
  Time since last request: 0.000028 seconds.
  path: Assets/EEJANAI_Team/FreeSwordAnimations/FBX/deffensive stance.fbx
  artifactKey: Guid(1593f7c4c5717b449ba2b9b37393b57c) Importer(815301076,1909f56bfc062723c751e8b465ee728b)
Start importing Assets/EEJANAI_Team/FreeSwordAnimations/FBX/deffensive stance.fbx using Guid(1593f7c4c5717b449ba2b9b37393b57c) Importer(815301076,1909f56bfc062723c751e8b465ee728b) (PreviewImporter) -> (artifact id: 'fd7fa30e359413bd1f210214b5ad550f') in 0.5438351 seconds
Number of updated asset objects reloaded before import = 0Number of asset objects unloaded after import = 181

========================================================================
Received Import Request.
  Time since last request: 0.000019 seconds.
  path: Assets/EEJANAI_Team/FreeSwordAnimations/FBX/slash3.fbx
  artifactKey: Guid(52715debc793a854595e0d5ab2e9e807) Importer(815301076,1909f56bfc062723c751e8b465ee728b)
Start importing Assets/EEJANAI_Team/FreeSwordAnimations/FBX/slash3.fbx using Guid(52715debc793a854595e0d5ab2e9e807) Importer(815301076,1909f56bfc062723c751e8b465ee728b) (PreviewImporter) -> (artifact id: '4b481e3a91d754b54d1df1d8e254adf2') in 0.6029257 seconds
Number of updated asset objects reloaded before import = 0Number of asset objects unloaded after import = 181

========================================================================
Received Import Request.
  Time since last request: 0.301772 seconds.
  path: Assets/ithappy/Inferno_World_Free/Meshes/Mountains/Cliff_005.fbx
  artifactKey: Guid(fcb6e22d0c990024eac8708cded5ffad) Importer(815301076,1909f56bfc062723c751e8b465ee728b)
Start importing Assets/ithappy/Inferno_World_Free/Meshes/Mountains/Cliff_005.fbx using Guid(fcb6e22d0c990024eac8708cded5ffad) Importer(815301076,1909f56bfc062723c751e8b465ee728b) (PreviewImporter) -> (artifact id: '7a420e47adca4f509e43d6edcb5684c0') in 0.0129353 seconds
Number of updated asset objects reloaded before import = 0Number of asset objects unloaded after import = 9

========================================================================
Received Import Request.
  Time since last request: 0.000017 seconds.
  path: Assets/ithappy/Inferno_World_Free/Meshes/Decorations/ColumnBig_001.fbx
  artifactKey: Guid(9375f4a92caedc346ba9362dc76c9c0d) Importer(815301076,1909f56bfc062723c751e8b465ee728b)
Start importing Assets/ithappy/Inferno_World_Free/Meshes/Decorations/ColumnBig_001.fbx using Guid(9375f4a92caedc346ba9362dc76c9c0d) Importer(815301076,1909f56bfc062723c751e8b465ee728b) (PreviewImporter) -> (artifact id: '428b24ba002a1d0a682facadb056e253') in 0.0139668 seconds
Number of updated asset objects reloaded before import = 0Number of asset objects unloaded after import = 10

========================================================================
Received Import Request.
  Time since last request: 0.000017 seconds.
  path: Assets/ithappy/Inferno_World_Free/Meshes/Rocks/Crag_001.fbx
  artifactKey: Guid(8893373161c7af0478a6cc5d93676c45) Importer(815301076,1909f56bfc062723c751e8b465ee728b)
Start importing Assets/ithappy/Inferno_World_Free/Meshes/Rocks/Crag_001.fbx using Guid(8893373161c7af0478a6cc5d93676c45) Importer(815301076,1909f56bfc062723c751e8b465ee728b) (PreviewImporter) -> (artifact id: '441e211f32dbb5f8aa49129fb191efbd') in 0.0140134 seconds
Number of updated asset objects reloaded before import = 0Number of asset objects unloaded after import = 9

========================================================================
Received Import Request.
  Time since last request: 0.000015 seconds.
  path: Assets/ithappy/Inferno_World_Free/Meshes/Props/Cup_001.fbx
  artifactKey: Guid(fdda5bd3d44fc1f4d867eadb961afe87) Importer(815301076,1909f56bfc062723c751e8b465ee728b)
Start importing Assets/ithappy/Inferno_World_Free/Meshes/Props/Cup_001.fbx using Guid(fdda5bd3d44fc1f4d867eadb961afe87) Importer(815301076,1909f56bfc062723c751e8b465ee728b) (PreviewImporter) -> (artifact id: 'c72c0641ed4f39062fb8a48a3ec9a16e') in 0.04067 seconds
Number of updated asset objects reloaded before import = 0Number of asset objects unloaded after import = 9

========================================================================
Received Import Request.
  Time since last request: 0.029819 seconds.
  path: Assets/EEJANAI_Team/FreeSwordAnimations/FBX/slash8.fbx
  artifactKey: Guid(7e0a4b027a2783542b432a5df631cb95) Importer(815301076,1909f56bfc062723c751e8b465ee728b)
Start importing Assets/EEJANAI_Team/FreeSwordAnimations/FBX/slash8.fbx using Guid(7e0a4b027a2783542b432a5df631cb95) Importer(815301076,1909f56bfc062723c751e8b465ee728b) (PreviewImporter) -> (artifact id: '90dc7aad033253067a2b702c4d66c18e') in 0.3074005 seconds
Number of updated asset objects reloaded before import = 0Number of asset objects unloaded after import = 181

========================================================================
Received Import Request.
  Time since last request: 0.000018 seconds.
  path: Assets/ithappy/Inferno_World_Free/Meshes/Decorations/Bone_006.fbx
  artifactKey: Guid(283ff08844fd34344a34e3fad48b2080) Importer(815301076,1909f56bfc062723c751e8b465ee728b)
Start importing Assets/ithappy/Inferno_World_Free/Meshes/Decorations/Bone_006.fbx using Guid(283ff08844fd34344a34e3fad48b2080) Importer(815301076,1909f56bfc062723c751e8b465ee728b) (PreviewImporter) -> (artifact id: '510cac17242680b538b3e2de95fe1273') in 0.0602911 seconds
Number of updated asset objects reloaded before import = 0Number of asset objects unloaded after import = 12

========================================================================
Received Import Request.
  Time since last request: 0.000025 seconds.
  path: Assets/ithappy/Inferno_World_Free/Meshes/Props/Box_001.fbx
  artifactKey: Guid(b8df26a0438934c498a7b037f090a7ff) Importer(815301076,1909f56bfc062723c751e8b465ee728b)
Start importing Assets/ithappy/Inferno_World_Free/Meshes/Props/Box_001.fbx using Guid(b8df26a0438934c498a7b037f090a7ff) Importer(815301076,1909f56bfc062723c751e8b465ee728b) (PreviewImporter) -> (artifact id: '8a077fcf2b4c7876aee0541bbbf06208') in 0.0310203 seconds
Number of updated asset objects reloaded before import = 0Number of asset objects unloaded after import = 10

========================================================================
Received Import Request.
  Time since last request: 0.004787 seconds.
  path: Assets/ithappy/Inferno_World_Free/Meshes/Props/Brazier_002.fbx
  artifactKey: Guid(3a9fb23925d867a4294174b6f26824c1) Importer(815301076,1909f56bfc062723c751e8b465ee728b)
Start importing Assets/ithappy/Inferno_World_Free/Meshes/Props/Brazier_002.fbx using Guid(3a9fb23925d867a4294174b6f26824c1) Importer(815301076,1909f56bfc062723c751e8b465ee728b) (PreviewImporter) -> (artifact id: '76578beff955143163291a7c35256c28') in 0.0122282 seconds
Number of updated asset objects reloaded before import = 0Number of asset objects unloaded after import = 9

========================================================================
Received Import Request.
  Time since last request: 0.007994 seconds.
  path: Assets/ithappy/Inferno_World_Free/Meshes/Props/Brazier_004.fbx
  artifactKey: Guid(16e394d12219d7d4eae26cf4f3f5b7de) Importer(815301076,1909f56bfc062723c751e8b465ee728b)
Start importing Assets/ithappy/Inferno_World_Free/Meshes/Props/Brazier_004.fbx using Guid(16e394d12219d7d4eae26cf4f3f5b7de) Importer(815301076,1909f56bfc062723c751e8b465ee728b) (PreviewImporter) -> (artifact id: 'a702eca5c2c3ef24733e2901f1289fef') in 0.0134231 seconds
Number of updated asset objects reloaded before import = 0Number of asset objects unloaded after import = 10

========================================================================
Received Import Request.
  Time since last request: 0.008261 seconds.
  path: Assets/ithappy/Inferno_World_Free/Meshes/Decorations/CirclePlatformSmall_001.fbx
  artifactKey: Guid(215163f2e26694241836022a54f5e6ae) Importer(815301076,1909f56bfc062723c751e8b465ee728b)
Start importing Assets/ithappy/Inferno_World_Free/Meshes/Decorations/CirclePlatformSmall_001.fbx using Guid(215163f2e26694241836022a54f5e6ae) Importer(815301076,1909f56bfc062723c751e8b465ee728b) (PreviewImporter) -> (artifact id: 'ad0d345cb24cb731ac1764e4c13415a6') in 0.0440966 seconds
Number of updated asset objects reloaded before import = 0Number of asset objects unloaded after import = 9

Editor requested this worker to shutdown with reason: Scaling down because of idle timeout
AssetImportWorker is now disconnected from the server
Process exiting
Exiting without the bug reporter. Application will terminate with return code 0