
=== Sun Dec 28 14:35:52 2025

Packages were changed.
Update Mode: mergeDefaultDependencies

The following packages were added:
  com.unity.modules.ai@1.0.0
  com.unity.modules.androidjni@1.0.0
  com.unity.modules.animation@1.0.0
  com.unity.modules.assetbundle@1.0.0
  com.unity.modules.audio@1.0.0
  com.unity.modules.cloth@1.0.0
  com.unity.modules.director@1.0.0
  com.unity.modules.imageconversion@1.0.0
  com.unity.modules.imgui@1.0.0
  com.unity.modules.jsonserialize@1.0.0
  com.unity.modules.particlesystem@1.0.0
  com.unity.modules.physics@1.0.0
  com.unity.modules.physics2d@1.0.0
  com.unity.modules.screencapture@1.0.0
  com.unity.modules.terrain@1.0.0
  com.unity.modules.terrainphysics@1.0.0
  com.unity.modules.tilemap@1.0.0
  com.unity.modules.ui@1.0.0
  com.unity.modules.uielements@1.0.0
  com.unity.modules.umbra@1.0.0
  com.unity.modules.unityanalytics@1.0.0
  com.unity.modules.unitywebrequest@1.0.0
  com.unity.modules.unitywebrequestassetbundle@1.0.0
  com.unity.modules.unitywebrequestaudio@1.0.0
  com.unity.modules.unitywebrequesttexture@1.0.0
  com.unity.modules.unitywebrequestwww@1.0.0
  com.unity.modules.vehicles@1.0.0
  com.unity.modules.video@1.0.0
  com.unity.modules.vr@1.0.0
  com.unity.modules.wind@1.0.0
  com.unity.modules.xr@1.0.0
  com.unity.modules.accessibility@1.0.0
  com.unity.multiplayer.center@1.0.0
The following packages were updated:
  com.unity.ai.navigation from version 2.0.0 to 2.0.9
  com.unity.collab-proxy from version 2.2.0 to 2.10.2
  com.unity.ide.rider from version 3.0.27 to 3.0.38
  com.unity.ide.visualstudio from version 2.0.22 to 2.0.25
  com.unity.inputsystem from version 1.12.0 to 1.16.0
  com.unity.render-pipelines.universal from version 17.0.1 to 17.2.0
  com.unity.test-framework from version 1.4.2 to 1.6.0
  com.unity.timeline from version 1.8.6 to 1.8.9
  com.unity.visualscripting from version 1.9.1 to 1.9.8

=== Sun Dec 28 14:52:58 2025

Packages were changed.
Update Mode: updateDependencies

The following packages were updated:
  com.unity.ai.navigation from version 2.0.0 to 2.0.9
  com.unity.burst from version 1.8.13 to 1.8.25
  com.unity.cinemachine from version 2.10.0 to 2.10.4
  com.unity.collab-proxy from version 2.5.1 to 2.10.2
  com.unity.collections from version 2.4.0 to 2.6.2
  com.unity.ide.rider from version 3.0.28 to 3.0.38
  com.unity.ide.visualstudio from version 2.0.22 to 2.0.25
  com.unity.inputsystem from version 1.8.1 to 1.16.0
  com.unity.mathematics from version 1.3.1 to 1.3.2
  com.unity.nuget.mono-cecil from version 1.11.4 to 1.11.5
  com.unity.render-pipelines.core from version 17.0.3 to 17.2.0
  com.unity.render-pipelines.universal from version 17.0.3 to 17.2.0
  com.unity.searcher from version 4.9.2 to 4.9.3
  com.unity.shadergraph from version 17.0.3 to 17.2.0
  com.unity.test-framework from version 1.4.3 to 1.6.0
  com.unity.test-framework.performance from version 3.0.3 to 3.2.0
  com.unity.timeline from version 1.8.6 to 1.8.9
  com.unity.visualscripting from version 1.9.4 to 1.9.8

=== Sun Dec 28 14:52:58 2025

Packages were changed.
Update Mode: mergeDefaultDependencies

The following packages were added:
  com.unity.burst@1.8.25
  com.unity.cinemachine@2.10.4
  com.unity.collections@2.6.2
  com.unity.ext.nunit@2.0.5
  com.unity.mathematics@1.3.2
  com.unity.nuget.mono-cecil@1.11.5
  com.unity.package-validation-suite@0.22.0-preview
  com.unity.render-pipelines.core@17.2.0
  com.unity.render-pipelines.universal-config@17.0.3
  com.unity.rendering.light-transport@1.0.1
  com.unity.searcher@4.9.3
  com.unity.shadergraph@17.2.0
  com.unity.test-framework.performance@3.2.0
  com.unity.modules.hierarchycore@1.0.0
  com.unity.modules.subsystems@1.0.0

=== Thu Jan  8 16:05:16 2026

Packages were changed.
Update Mode: mergeDefaultDependencies

The following packages were added:
  com.unity.postprocessing@3.5.0

=== Tue Jan 13 20:25:42 2026

Packages were changed.
Update Mode: updateDependencies

The following packages were updated:
  com.unity.nuget.newtonsoft-json from version 3.0.0 to 3.2.1

=== Tue Jan 13 20:25:42 2026

Packages were changed.
Update Mode: mergeDefaultDependencies

The following packages were added:
  com.unity.nuget.newtonsoft-json@3.2.1
